# JRE version: Java(TM) SE Runtime Environment (8.0_91-b14) (build 1.8.0_91-b14)
# Java VM: Java HotSpot(TM) 64-Bit Server VM (25.91-b14 mixed mode windows-amd64 compressed oops)
Heap:
 PSYoungGen      total 18944K, used 14300K [0x00000000eb300000, 0x00000000ec800000, 0x0000000100000000)
  eden space 16384K, 87% used [0x00000000eb300000,0x00000000ec0f71a0,0x00000000ec300000)
  from space 2560K, 0% used [0x00000000ec300000,0x00000000ec300000,0x00000000ec580000)
  to   space 2560K, 0% used [0x00000000ec580000,0x00000000ec580000,0x00000000ec800000)
 ParOldGen       total 32256K, used 1276K [0x00000000c1800000, 0x00000000c3780000, 0x00000000eb300000)
  object space 32256K, 3% used [0x00000000c1800000,0x00000000c193f390,0x00000000c3780000)
 Metaspace       used 10032K, capacity 10196K, committed 10368K, reserved 1062912K
  class space    used 1263K, capacity 1350K, committed 1408K, reserved 1048576K
GC Heap History (4 events):
Event: 0.849 GC heap before
{Heap before GC invocations=1 (full 0):
 PSYoungGen      total 18944K, used 4590K [0x00000000eb300000, 0x00000000ec800000, 0x0000000100000000)
  eden space 16384K, 28% used [0x00000000eb300000,0x00000000eb77bbd0,0x00000000ec300000)
  from space 2560K, 0% used [0x00000000ec580000,0x00000000ec580000,0x00000000ec800000)
  to   space 2560K, 0% used [0x00000000ec300000,0x00000000ec300000,0x00000000ec580000)
 ParOldGen       total 44032K, used 0K [0x00000000c1800000, 0x00000000c4300000, 0x00000000eb300000)
  object space 44032K, 0% used [0x00000000c1800000,0x00000000c1800000,0x00000000c4300000)
 Metaspace       used 7159K, capacity 7290K, committed 7424K, reserved 1062912K
  class space    used 872K, capacity 963K, committed 1024K, reserved 1048576K
Event: 0.854 GC heap after
Heap after GC invocations=1 (full 0):
 PSYoungGen      total 18944K, used 1400K [0x00000000eb300000, 0x00000000ec800000, 0x0000000100000000)
  eden space 16384K, 0% used [0x00000000eb300000,0x00000000eb300000,0x00000000ec300000)
  from space 2560K, 54% used [0x00000000ec300000,0x00000000ec45e030,0x00000000ec580000)
  to   space 2560K, 0% used [0x00000000ec580000,0x00000000ec580000,0x00000000ec800000)
 ParOldGen       total 44032K, used 8K [0x00000000c1800000, 0x00000000c4300000, 0x00000000eb300000)
  object space 44032K, 0% used [0x00000000c1800000,0x00000000c1802000,0x00000000c4300000)
 Metaspace       used 7159K, capacity 7290K, committed 7424K, reserved 1062912K
  class space    used 872K, capacity 963K, committed 1024K, reserved 1048576K
}
Event: 0.854 GC heap before
{Heap before GC invocations=2 (full 1):
 PSYoungGen      total 18944K, used 1400K [0x00000000eb300000, 0x00000000ec800000, 0x0000000100000000)
  eden space 16384K, 0% used [0x00000000eb300000,0x00000000eb300000,0x00000000ec300000)
  from space 2560K, 54% used [0x00000000ec300000,0x00000000ec45e030,0x00000000ec580000)
  to   space 2560K, 0% used [0x00000000ec580000,0x00000000ec580000,0x00000000ec800000)
 ParOldGen       total 44032K, used 8K [0x00000000c1800000, 0x00000000c4300000, 0x00000000eb300000)
  object space 44032K, 0% used [0x00000000c1800000,0x00000000c1802000,0x00000000c4300000)
 Metaspace       used 7159K, capacity 7290K, committed 7424K, reserved 1062912K
  class space    used 872K, capacity 963K, committed 1024K, reserved 1048576K
Event: 0.878 GC heap after
Heap after GC invocations=2 (full 1):
 PSYoungGen      total 18944K, used 0K [0x00000000eb300000, 0x00000000ec800000, 0x0000000100000000)
  eden space 16384K, 0% used [0x00000000eb300000,0x00000000eb300000,0x00000000ec300000)
  from space 2560K, 0% used [0x00000000ec300000,0x00000000ec300000,0x00000000ec580000)
  to   space 2560K, 0% used [0x00000000ec580000,0x00000000ec580000,0x00000000ec800000)
 ParOldGen       total 32256K, used 1276K [0x00000000c1800000, 0x00000000c3780000, 0x00000000eb300000)
  object space 32256K, 3% used [0x00000000c1800000,0x00000000c193f390,0x00000000c3780000)
 Metaspace       used 7159K, capacity 7290K, committed 7424K, reserved 1060864K
  class space    used 872K, capacity 963K, committed 1024K, reserved 1048576K
}

